2025-09-06 12:31:31,914 [Worker-4: Loading available Gradle versions] INFO  o.e.b.c.i.u.g.PublishedGradleVersions - Gradle version information cache is up-to-date. Trying to read.
2025-09-06 12:34:00,623 [Worker-21: Import Getting Started Content] INFO  o.e.m.c.i.l.LifecycleMappingFactory - Using org.maven.ide.eclipse.wtp.WarLifecycleMapping lifecycle mapping for MavenProject: com.klef.dev:PRODUCTAPI-SPRINGBOOT:0.0.1-SNAPSHOT @ E:\3rd Year\JENKINS\JENKINS-FULLSTACK\PRODUCTAPI-SPRINGBOOT\pom.xml.
2025-09-06 12:34:02,455 [Worker-21: Import Getting Started Content] INFO  o.e.m.j.i.AbstractJavaProjectConfigurator - Adding source folder /PRODUCTAPI-SPRINGBOOT/src/main/java
2025-09-06 12:34:02,458 [Worker-21: Import Getting Started Content] INFO  o.e.m.j.i.AbstractJavaProjectConfigurator - Adding resource folder /PRODUCTAPI-SPRINGBOOT/src/main/resources
2025-09-06 12:34:02,468 [Worker-21: Import Getting Started Content] INFO  o.e.m.j.i.AbstractJavaProjectConfigurator - Adding resource folder /PRODUCTAPI-SPRINGBOOT/src/main/resources
2025-09-06 12:34:02,479 [Worker-21: Import Getting Started Content] INFO  o.e.m.j.i.AbstractJavaProjectConfigurator - Adding source folder /PRODUCTAPI-SPRINGBOOT/src/test/java
2025-09-06 12:34:02,479 [Worker-21: Import Getting Started Content] INFO  o.e.m.j.i.AbstractJavaProjectConfigurator - Adding resource folder /PRODUCTAPI-SPRINGBOOT/src/test/resources
2025-09-06 12:34:05,875 [Worker-21: Import Getting Started Content] INFO  o.e.m.c.i.p.ProjectConfigurationManager - Imported and configured 1 project(s) in 7 sec
2025-09-06 12:34:05,882 [Worker-21: Import Getting Started Content] INFO  o.e.m.c.i.p.ProjectConfigurationManager - Update started
2025-09-06 12:34:06,731 [Worker-21: Import Getting Started Content] INFO  o.e.m.c.i.l.LifecycleMappingFactory - Using org.maven.ide.eclipse.wtp.WarLifecycleMapping lifecycle mapping for MavenProject: com.klef.dev:PRODUCTAPI-SPRINGBOOT:0.0.1-SNAPSHOT @ E:\3rd Year\JENKINS\JENKINS-FULLSTACK\PRODUCTAPI-SPRINGBOOT\pom.xml.
2025-09-06 12:34:08,136 [Worker-21: Import Getting Started Content] INFO  o.e.m.j.i.AbstractJavaProjectConfigurator - Adding source folder /PRODUCTAPI-SPRINGBOOT/src/main/java
2025-09-06 12:34:08,138 [Worker-21: Import Getting Started Content] INFO  o.e.m.j.i.AbstractJavaProjectConfigurator - Adding resource folder /PRODUCTAPI-SPRINGBOOT/src/main/resources
2025-09-06 12:34:08,139 [Worker-21: Import Getting Started Content] INFO  o.e.m.j.i.AbstractJavaProjectConfigurator - Adding resource folder /PRODUCTAPI-SPRINGBOOT/src/main/resources
2025-09-06 12:34:08,140 [Worker-21: Import Getting Started Content] INFO  o.e.m.j.i.AbstractJavaProjectConfigurator - Adding source folder /PRODUCTAPI-SPRINGBOOT/src/test/java
2025-09-06 12:34:08,141 [Worker-21: Import Getting Started Content] INFO  o.e.m.j.i.AbstractJavaProjectConfigurator - Adding resource folder /PRODUCTAPI-SPRINGBOOT/src/test/resources
2025-09-06 12:34:10,457 [Worker-21: Import Getting Started Content] INFO  o.e.m.w.i.f.ResourceFilteringBuildParticipant - Cleaning filtered folder for PRODUCTAPI-SPRINGBOOT
2025-09-06 12:34:10,493 [Worker-21: Import Getting Started Content] INFO  o.e.m.c.i.p.ProjectConfigurationManager - Update completed for 1 poms: local refresh takes 0.00 sec, refresh facades takes 2.00 sec, update config takes 1.00 sec 
2025-09-06 12:34:11,805 [Worker-26: Building] INFO  o.a.m.s.f.DefaultMavenResourcesFiltering - Copying 1 resource from src\main\resources to target\classes
2025-09-06 12:34:11,873 [Worker-26: Building] INFO  o.a.m.s.f.DefaultMavenResourcesFiltering - Copying 0 resource from src\main\resources to target\classes
2025-09-06 12:34:11,886 [Worker-26: Building] INFO  o.a.m.s.f.DefaultMavenResourcesFiltering - skip non existing resourceDirectory E:\3rd Year\JENKINS\JENKINS-FULLSTACK\PRODUCTAPI-SPRINGBOOT\src\test\resources
2025-09-06 12:34:11,887 [Worker-26: Building] INFO  o.e.m.w.i.f.ResourceFilteringBuildParticipant - Changed resources require a complete clean of filtered resources of PRODUCTAPI-SPRINGBOOT
2025-09-06 12:34:11,888 [Worker-26: Building] INFO  o.e.m.w.i.f.ResourceFilteringBuildParticipant - Executing resource filtering for PRODUCTAPI-SPRINGBOOT
2025-09-06 12:38:36,896 [Worker-26: Building] INFO  o.a.m.s.f.DefaultMavenResourcesFiltering - Copying 1 resource from src\main\resources to target\classes
2025-09-06 12:38:36,911 [Worker-26: Building] INFO  o.a.m.s.f.DefaultMavenResourcesFiltering - Copying 0 resource from src\main\resources to target\classes
2025-09-06 12:38:36,918 [Worker-26: Building] INFO  o.a.m.s.f.DefaultMavenResourcesFiltering - skip non existing resourceDirectory E:\3rd Year\JENKINS\JENKINS-FULLSTACK\PRODUCTAPI-SPRINGBOOT\src\test\resources
2025-09-06 12:38:50,565 [Worker-0: Building] INFO  o.a.m.s.f.DefaultMavenResourcesFiltering - Copying 1 resource from src\main\resources to target\classes
2025-09-06 12:38:50,579 [Worker-0: Building] INFO  o.a.m.s.f.DefaultMavenResourcesFiltering - Copying 0 resource from src\main\resources to target\classes
2025-09-06 12:38:50,586 [Worker-0: Building] INFO  o.a.m.s.f.DefaultMavenResourcesFiltering - skip non existing resourceDirectory E:\3rd Year\JENKINS\JENKINS-FULLSTACK\PRODUCTAPI-SPRINGBOOT\src\test\resources
2025-09-06 12:39:15,908 [Worker-29: Building] INFO  o.a.m.s.f.DefaultMavenResourcesFiltering - Copying 1 resource from src\main\resources to target\classes
2025-09-06 12:39:15,921 [Worker-29: Building] INFO  o.a.m.s.f.DefaultMavenResourcesFiltering - Copying 0 resource from src\main\resources to target\classes
2025-09-06 12:39:15,924 [Worker-29: Building] INFO  o.a.m.s.f.DefaultMavenResourcesFiltering - skip non existing resourceDirectory E:\3rd Year\JENKINS\JENKINS-FULLSTACK\PRODUCTAPI-SPRINGBOOT\src\test\resources
2025-09-06 12:39:36,353 [Worker-27: Building] INFO  o.a.m.s.f.DefaultMavenResourcesFiltering - Copying 1 resource from src\main\resources to target\classes
2025-09-06 12:39:36,364 [Worker-27: Building] INFO  o.a.m.s.f.DefaultMavenResourcesFiltering - Copying 0 resource from src\main\resources to target\classes
2025-09-06 12:39:36,369 [Worker-27: Building] INFO  o.a.m.s.f.DefaultMavenResourcesFiltering - skip non existing resourceDirectory E:\3rd Year\JENKINS\JENKINS-FULLSTACK\PRODUCTAPI-SPRINGBOOT\src\test\resources
2025-09-06 12:39:56,080 [Worker-26: Building] INFO  o.a.m.s.f.DefaultMavenResourcesFiltering - Copying 1 resource from src\main\resources to target\classes
2025-09-06 12:39:56,094 [Worker-26: Building] INFO  o.a.m.s.f.DefaultMavenResourcesFiltering - Copying 0 resource from src\main\resources to target\classes
2025-09-06 12:39:56,101 [Worker-26: Building] INFO  o.a.m.s.f.DefaultMavenResourcesFiltering - skip non existing resourceDirectory E:\3rd Year\JENKINS\JENKINS-FULLSTACK\PRODUCTAPI-SPRINGBOOT\src\test\resources
2025-09-06 12:40:32,824 [Worker-2: Building] INFO  o.a.m.s.f.DefaultMavenResourcesFiltering - Copying 1 resource from src\main\resources to target\classes
2025-09-06 12:40:32,832 [Worker-2: Building] INFO  o.a.m.s.f.DefaultMavenResourcesFiltering - Copying 0 resource from src\main\resources to target\classes
2025-09-06 12:40:32,834 [Worker-2: Building] INFO  o.a.m.s.f.DefaultMavenResourcesFiltering - skip non existing resourceDirectory E:\3rd Year\JENKINS\JENKINS-FULLSTACK\PRODUCTAPI-SPRINGBOOT\src\test\resources
2025-09-06 12:40:38,973 [Worker-9: Building] INFO  o.a.m.s.f.DefaultMavenResourcesFiltering - Copying 1 resource from src\main\resources to target\classes
2025-09-06 12:40:38,980 [Worker-9: Building] INFO  o.a.m.s.f.DefaultMavenResourcesFiltering - Copying 0 resource from src\main\resources to target\classes
2025-09-06 12:40:38,983 [Worker-9: Building] INFO  o.a.m.s.f.DefaultMavenResourcesFiltering - skip non existing resourceDirectory E:\3rd Year\JENKINS\JENKINS-FULLSTACK\PRODUCTAPI-SPRINGBOOT\src\test\resources
2025-09-06 12:40:54,087 [Worker-6: Building] INFO  o.a.m.s.f.DefaultMavenResourcesFiltering - Copying 1 resource from src\main\resources to target\classes
2025-09-06 12:40:54,095 [Worker-6: Building] INFO  o.a.m.s.f.DefaultMavenResourcesFiltering - Copying 0 resource from src\main\resources to target\classes
2025-09-06 12:40:54,098 [Worker-6: Building] INFO  o.a.m.s.f.DefaultMavenResourcesFiltering - skip non existing resourceDirectory E:\3rd Year\JENKINS\JENKINS-FULLSTACK\PRODUCTAPI-SPRINGBOOT\src\test\resources
2025-09-06 12:41:08,321 [Worker-9: Building] INFO  o.a.m.s.f.DefaultMavenResourcesFiltering - Copying 1 resource from src\main\resources to target\classes
2025-09-06 12:41:08,329 [Worker-9: Building] INFO  o.a.m.s.f.DefaultMavenResourcesFiltering - Copying 0 resource from src\main\resources to target\classes
2025-09-06 12:41:08,332 [Worker-9: Building] INFO  o.a.m.s.f.DefaultMavenResourcesFiltering - skip non existing resourceDirectory E:\3rd Year\JENKINS\JENKINS-FULLSTACK\PRODUCTAPI-SPRINGBOOT\src\test\resources
2025-09-06 12:41:24,479 [Worker-8: Building] INFO  o.a.m.s.f.DefaultMavenResourcesFiltering - Copying 1 resource from src\main\resources to target\classes
2025-09-06 12:41:24,487 [Worker-8: Building] INFO  o.a.m.s.f.DefaultMavenResourcesFiltering - Copying 0 resource from src\main\resources to target\classes
2025-09-06 12:41:24,489 [Worker-8: Building] INFO  o.a.m.s.f.DefaultMavenResourcesFiltering - skip non existing resourceDirectory E:\3rd Year\JENKINS\JENKINS-FULLSTACK\PRODUCTAPI-SPRINGBOOT\src\test\resources
2025-09-06 12:43:56,264 [Worker-8: Building] INFO  o.a.m.s.f.DefaultMavenResourcesFiltering - Copying 1 resource from src\main\resources to target\classes
2025-09-06 12:43:56,278 [Worker-8: Building] INFO  o.a.m.s.f.DefaultMavenResourcesFiltering - Copying 0 resource from src\main\resources to target\classes
2025-09-06 12:43:56,281 [Worker-8: Building] INFO  o.a.m.s.f.DefaultMavenResourcesFiltering - skip non existing resourceDirectory E:\3rd Year\JENKINS\JENKINS-FULLSTACK\PRODUCTAPI-SPRINGBOOT\src\test\resources
2025-09-06 12:43:59,841 [Worker-3: Building] INFO  o.a.m.s.f.DefaultMavenResourcesFiltering - Copying 1 resource from src\main\resources to target\classes
2025-09-06 12:43:59,848 [Worker-3: Building] INFO  o.a.m.s.f.DefaultMavenResourcesFiltering - Copying 0 resource from src\main\resources to target\classes
2025-09-06 12:43:59,850 [Worker-3: Building] INFO  o.a.m.s.f.DefaultMavenResourcesFiltering - skip non existing resourceDirectory E:\3rd Year\JENKINS\JENKINS-FULLSTACK\PRODUCTAPI-SPRINGBOOT\src\test\resources
2025-09-06 12:44:36,987 [Worker-0: Building] INFO  o.e.m.c.i.l.LifecycleMappingFactory - Using org.maven.ide.eclipse.wtp.WarLifecycleMapping lifecycle mapping for MavenProject: com.klef.dev:PRODUCTAPI-SPRINGBOOT:0.0.1-SNAPSHOT @ E:\3rd Year\JENKINS\JENKINS-FULLSTACK\PRODUCTAPI-SPRINGBOOT\pom.xml.
2025-09-06 12:44:37,810 [Worker-0: Building] INFO  o.a.m.s.f.DefaultMavenResourcesFiltering - Copying 0 resource from src\main\resources to target\classes
2025-09-06 12:44:37,810 [Worker-0: Building] INFO  o.a.m.s.f.DefaultMavenResourcesFiltering - Copying 0 resource from src\main\resources to target\classes
2025-09-06 12:44:37,814 [Worker-0: Building] INFO  o.a.m.s.f.DefaultMavenResourcesFiltering - skip non existing resourceDirectory E:\3rd Year\JENKINS\JENKINS-FULLSTACK\PRODUCTAPI-SPRINGBOOT\src\test\resources
2025-09-06 12:44:37,815 [Worker-0: Building] INFO  o.e.m.w.i.f.ResourceFilteringBuildParticipant - Changed resources require a complete clean of filtered resources of PRODUCTAPI-SPRINGBOOT
2025-09-06 12:44:37,815 [Worker-0: Building] INFO  o.e.m.w.i.f.ResourceFilteringBuildParticipant - Executing resource filtering for PRODUCTAPI-SPRINGBOOT
2025-09-06 12:44:49,943 [Worker-28: Building] INFO  o.e.m.c.i.l.LifecycleMappingFactory - Using org.maven.ide.eclipse.wtp.WarLifecycleMapping lifecycle mapping for MavenProject: com.klef.dev:PRODUCTAPI-SPRINGBOOT:0.0.1-SNAPSHOT @ E:\3rd Year\JENKINS\JENKINS-FULLSTACK\PRODUCTAPI-SPRINGBOOT\pom.xml.
2025-09-06 12:44:50,692 [Worker-28: Building] INFO  o.a.m.s.f.DefaultMavenResourcesFiltering - Copying 0 resource from src\main\resources to target\classes
2025-09-06 12:44:50,692 [Worker-28: Building] INFO  o.a.m.s.f.DefaultMavenResourcesFiltering - Copying 0 resource from src\main\resources to target\classes
2025-09-06 12:44:50,696 [Worker-28: Building] INFO  o.a.m.s.f.DefaultMavenResourcesFiltering - skip non existing resourceDirectory E:\3rd Year\JENKINS\JENKINS-FULLSTACK\PRODUCTAPI-SPRINGBOOT\src\test\resources
2025-09-06 12:44:50,696 [Worker-28: Building] INFO  o.e.m.w.i.f.ResourceFilteringBuildParticipant - Changed resources require a complete clean of filtered resources of PRODUCTAPI-SPRINGBOOT
2025-09-06 12:44:50,696 [Worker-28: Building] INFO  o.e.m.w.i.f.ResourceFilteringBuildParticipant - Executing resource filtering for PRODUCTAPI-SPRINGBOOT
2025-09-06 12:45:03,306 [Worker-6: Building] INFO  o.a.m.s.f.DefaultMavenResourcesFiltering - Copying 1 resource from src\main\resources to target\classes
2025-09-06 12:45:03,321 [Worker-6: Building] INFO  o.a.m.s.f.DefaultMavenResourcesFiltering - Copying 0 resource from src\main\resources to target\classes
2025-09-06 12:45:03,324 [Worker-6: Building] INFO  o.a.m.s.f.DefaultMavenResourcesFiltering - skip non existing resourceDirectory E:\3rd Year\JENKINS\JENKINS-FULLSTACK\PRODUCTAPI-SPRINGBOOT\src\test\resources
2025-09-06 12:47:37,571 [Worker-34: Building] INFO  o.a.m.s.f.DefaultMavenResourcesFiltering - Copying 1 resource from src\main\resources to target\classes
2025-09-06 12:47:37,607 [Worker-34: Building] INFO  o.a.m.s.f.DefaultMavenResourcesFiltering - Copying 0 resource from src\main\resources to target\classes
2025-09-06 12:47:37,613 [Worker-34: Building] INFO  o.a.m.s.f.DefaultMavenResourcesFiltering - skip non existing resourceDirectory E:\3rd Year\JENKINS\JENKINS-FULLSTACK\PRODUCTAPI-SPRINGBOOT\src\test\resources
2025-09-06 12:59:04,967 [Worker-35: Building] INFO  o.a.m.s.f.DefaultMavenResourcesFiltering - Copying 1 resource from src\main\resources to target\classes
2025-09-06 12:59:04,982 [Worker-35: Building] INFO  o.a.m.s.f.DefaultMavenResourcesFiltering - Copying 0 resource from src\main\resources to target\classes
2025-09-06 12:59:04,984 [Worker-35: Building] INFO  o.a.m.s.f.DefaultMavenResourcesFiltering - skip non existing resourceDirectory E:\3rd Year\JENKINS\JENKINS-FULLSTACK\PRODUCTAPI-SPRINGBOOT\src\test\resources
2025-09-06 13:06:35,672 [Worker-39: Building] INFO  o.a.m.s.f.DefaultMavenResourcesFiltering - Copying 1 resource from src\main\resources to target\classes
2025-09-06 13:06:35,732 [Worker-39: Building] INFO  o.a.m.s.f.DefaultMavenResourcesFiltering - Copying 0 resource from src\main\resources to target\classes
2025-09-06 13:06:35,736 [Worker-39: Building] INFO  o.a.m.s.f.DefaultMavenResourcesFiltering - skip non existing resourceDirectory E:\3rd Year\JENKINS\JENKINS-FULLSTACK\PRODUCTAPI-SPRINGBOOT\src\test\resources
2025-09-06 13:10:29,573 [Worker-41: Building] INFO  o.a.m.s.f.DefaultMavenResourcesFiltering - Copying 1 resource from src\main\resources to target\classes
2025-09-06 13:10:29,641 [Worker-41: Building] INFO  o.a.m.s.f.DefaultMavenResourcesFiltering - Copying 0 resource from src\main\resources to target\classes
2025-09-06 13:10:29,645 [Worker-41: Building] INFO  o.a.m.s.f.DefaultMavenResourcesFiltering - skip non existing resourceDirectory E:\3rd Year\JENKINS\JENKINS-FULLSTACK\PRODUCTAPI-SPRINGBOOT\src\test\resources
2025-09-06 13:11:00,096 [Worker-43: Building] INFO  o.a.m.s.f.DefaultMavenResourcesFiltering - Copying 1 resource from src\main\resources to target\classes
2025-09-06 13:11:00,111 [Worker-43: Building] INFO  o.a.m.s.f.DefaultMavenResourcesFiltering - Copying 0 resource from src\main\resources to target\classes
2025-09-06 13:11:00,118 [Worker-43: Building] INFO  o.a.m.s.f.DefaultMavenResourcesFiltering - skip non existing resourceDirectory E:\3rd Year\JENKINS\JENKINS-FULLSTACK\PRODUCTAPI-SPRINGBOOT\src\test\resources
2025-09-06 13:15:16,960 [Worker-44: Importing Maven projects] INFO  o.e.m.c.i.l.LifecycleMappingFactory - Using org.maven.ide.eclipse.wtp.WarLifecycleMapping lifecycle mapping for MavenProject: com.example.demo:Jenkins-Backend:0.0.1-SNAPSHOT @ C:\Users\laksh\Downloads\Jenkins-Practice-main\Jenkins-Practice-main\Jenkins-Backend\pom.xml.
2025-09-06 13:15:19,931 [Worker-44: Importing Maven projects] INFO  o.e.m.j.i.AbstractJavaProjectConfigurator - Adding source folder /Jenkins-Backend/src/main/java
2025-09-06 13:15:19,932 [Worker-44: Importing Maven projects] INFO  o.e.m.j.i.AbstractJavaProjectConfigurator - Adding resource folder /Jenkins-Backend/src/main/resources
2025-09-06 13:15:19,942 [Worker-44: Importing Maven projects] INFO  o.e.m.j.i.AbstractJavaProjectConfigurator - Adding resource folder /Jenkins-Backend/src/main/resources
2025-09-06 13:15:19,946 [Worker-44: Importing Maven projects] INFO  o.e.m.j.i.AbstractJavaProjectConfigurator - Adding source folder /Jenkins-Backend/src/test/java
2025-09-06 13:15:19,946 [Worker-44: Importing Maven projects] INFO  o.e.m.j.i.AbstractJavaProjectConfigurator - Adding resource folder /Jenkins-Backend/src/test/resources
2025-09-06 13:15:24,350 [Worker-44: Importing Maven projects] INFO  o.e.m.c.i.p.ProjectConfigurationManager - Imported and configured 1 project(s) in 9 sec
2025-09-06 13:15:25,773 [Worker-53: Building] INFO  o.a.m.s.f.DefaultMavenResourcesFiltering - Copying 1 resource from src\main\resources to target\classes
2025-09-06 13:15:25,794 [Worker-53: Building] INFO  o.a.m.s.f.DefaultMavenResourcesFiltering - Copying 0 resource from src\main\resources to target\classes
2025-09-06 13:15:25,798 [Worker-53: Building] INFO  o.a.m.s.f.DefaultMavenResourcesFiltering - skip non existing resourceDirectory C:\Users\laksh\Downloads\Jenkins-Practice-main\Jenkins-Practice-main\Jenkins-Backend\src\test\resources
2025-09-06 13:18:16,541 [Worker-52: Launching Jenkins-Backend - JenkinsBackendApplication] INFO  o.a.m.s.f.DefaultMavenResourcesFiltering - Copying 1 resource from src\main\resources to target\classes
2025-09-06 13:18:16,564 [Worker-52: Launching Jenkins-Backend - JenkinsBackendApplication] INFO  o.a.m.s.f.DefaultMavenResourcesFiltering - Copying 0 resource from src\main\resources to target\classes
2025-09-06 13:18:16,568 [Worker-52: Launching Jenkins-Backend - JenkinsBackendApplication] INFO  o.a.m.s.f.DefaultMavenResourcesFiltering - skip non existing resourceDirectory C:\Users\laksh\Downloads\Jenkins-Practice-main\Jenkins-Practice-main\Jenkins-Backend\src\test\resources
